#
# There is insufficient memory for the Java Runtime Environment to continue.
# Native memory allocation (malloc) failed to allocate 174587904 bytes for committing reserved memory.
# Possible reasons:
#   The system is out of physical RAM or swap space
#   In 32 bit mode, the process size limit was hit
# Possible solutions:
#   Reduce memory load on the system
#   Increase physical memory or swap space
#   Check if swap backing store is full
#   Use 64 bit Java on a 64 bit OS
#   Decrease Java heap size (-Xmx/-Xms)
#   Decrease number of Java threads
#   Decrease Java thread stack sizes (-Xss)
#   Set larger code cache with -XX:ReservedCodeCacheSize=
# This output file may be truncated or incomplete.
#
#  Out of Memory Error (os_linux.cpp:2769), pid=24924, tid=139944738289408
#
# JRE version:  (7.0_55-b14) (build )
# Java VM: OpenJDK 64-Bit Server VM (24.51-b03 mixed mode linux-amd64 compressed oops)
# Failed to write core dump. Core dumps have been disabled. To enable core dumping, try "ulimit -c unlimited" before starting Java again
#

---------------  T H R E A D  ---------------

Current thread (0x00007f476400a000):  JavaThread "Unknown thread" [_thread_in_vm, id=24929, stack(0x00007f476c59f000,0x00007f476c6a0000)]

Stack: [0x00007f476c59f000,0x00007f476c6a0000],  sp=0x00007f476c69e4d0,  free space=1021k
Native frames: (J=compiled Java code, j=interpreted, Vv=VM code, C=native code)
V  [libjvm.so+0x917b35]  VMError::report_and_die()+0x175
V  [libjvm.so+0x468144]  report_vm_out_of_memory(char const*, int, unsigned long, char const*)+0x74
V  [libjvm.so+0x79a81b]  os::pd_commit_memory(char*, unsigned long, unsigned long, bool)+0x20b
V  [libjvm.so+0x7950df]  os::commit_memory(char*, unsigned long, unsigned long, bool)+0x1f
V  [libjvm.so+0x8053cb]  PSVirtualSpace::expand_by(unsigned long)+0x5b
V  [libjvm.so+0x7f58be]  PSOldGen::initialize(ReservedSpace, unsigned long, char const*, int)+0xce
V  [libjvm.so+0x284e0f]  AdjoiningGenerations::AdjoiningGenerations(ReservedSpace, unsigned long, unsigned long, unsigned long, unsigned long, unsigned long, unsigned long, unsigned long)+0x3af
V  [libjvm.so+0x7b899a]  ParallelScavengeHeap::initialize()+0x60a
V  [libjvm.so+0x8e9db7]  Universe::initialize_heap()+0xc7
V  [libjvm.so+0x8ea0e7]  universe_init()+0x67
V  [libjvm.so+0x575b45]  init_globals()+0x55
V  [libjvm.so+0x8ccfaf]  Threads::create_vm(JavaVMInitArgs*, bool*)+0x35f
V  [libjvm.so+0x5df3d4]  JNI_CreateJavaVM+0x54
C  [libjli.so+0x2b18]  __strcat_chk+0x2b18


---------------  P R O C E S S  ---------------

Java Threads: ( => current thread )

Other Threads:

=>0x00007f476400a000 (exited) JavaThread "Unknown thread" [_thread_in_vm, id=24929, stack(0x00007f476c59f000,0x00007f476c6a0000)]

VM state:not at safepoint (not fully initialized)

VM Mutex/Monitor currently owned by a thread: None

GC Heap History (0 events):
No events

Deoptimization events (0 events):
No events

Internal exceptions (0 events):
No events

Events (0 events):
No events


Dynamic libraries:
00400000-00401000 r-xp 00000000 08:05 9277                               /usr/lib/jvm/java-7-openjdk-amd64/jre/bin/java
00600000-00601000 r--p 00000000 08:05 9277                               /usr/lib/jvm/java-7-openjdk-amd64/jre/bin/java
00601000-00602000 rw-p 00001000 08:05 9277                               /usr/lib/jvm/java-7-openjdk-amd64/jre/bin/java
012d0000-012f1000 rw-p 00000000 00:00 0                                  [heap]
6fb800000-705e00000 rw-p 00000000 00:00 0 
710480000-7aca00000 rw-p 00000000 00:00 0 
7aca00000-7b1d80000 rw-p 00000000 00:00 0 
7b1d80000-800000000 rw-p 00000000 00:00 0 
7f4761000000-7f4761270000 rwxp 00000000 00:00 0 
7f4761270000-7f4764023000 rw-p 00000000 00:00 0 
7f4764023000-7f4768000000 ---p 00000000 00:00 0 
7f47687c7000-7f47689fd000 rw-p 00000000 00:00 0 
7f47689fd000-7f4768f86000 rw-p 00000000 00:00 0 
7f4768f86000-7f4768fb0000 rw-p 00000000 00:00 0 
7f4768fb0000-7f4769221000 rw-p 00000000 00:00 0 
7f4769221000-7f4769222000 rw-p 00000000 00:00 0 
7f4769222000-7f476922a000 r-xp 00000000 08:05 9336                       /usr/lib/jvm/java-7-openjdk-amd64/jre/lib/amd64/libzip.so
7f476922a000-7f4769429000 ---p 00008000 08:05 9336                       /usr/lib/jvm/java-7-openjdk-amd64/jre/lib/amd64/libzip.so
7f4769429000-7f476942a000 r--p 00007000 08:05 9336                       /usr/lib/jvm/java-7-openjdk-amd64/jre/lib/amd64/libzip.so
7f476942a000-7f476942b000 rw-p 00008000 08:05 9336                       /usr/lib/jvm/java-7-openjdk-amd64/jre/lib/amd64/libzip.so
7f476942b000-7f4769436000 r-xp 00000000 08:05 790607                     /lib/x86_64-linux-gnu/libnss_files-2.19.so
7f4769436000-7f4769635000 ---p 0000b000 08:05 790607                     /lib/x86_64-linux-gnu/libnss_files-2.19.so
7f4769635000-7f4769636000 r--p 0000a000 08:05 790607                     /lib/x86_64-linux-gnu/libnss_files-2.19.so
7f4769636000-7f4769637000 rw-p 0000b000 08:05 790607                     /lib/x86_64-linux-gnu/libnss_files-2.19.so
7f4769637000-7f4769642000 r-xp 00000000 08:05 790617                     /lib/x86_64-linux-gnu/libnss_nis-2.19.so
7f4769642000-7f4769841000 ---p 0000b000 08:05 790617                     /lib/x86_64-linux-gnu/libnss_nis-2.19.so
7f4769841000-7f4769842000 r--p 0000a000 08:05 790617                     /lib/x86_64-linux-gnu/libnss_nis-2.19.so
7f4769842000-7f4769843000 rw-p 0000b000 08:05 790617                     /lib/x86_64-linux-gnu/libnss_nis-2.19.so
7f4769843000-7f476985a000 r-xp 00000000 08:05 790601                     /lib/x86_64-linux-gnu/libnsl-2.19.so
7f476985a000-7f4769a59000 ---p 00017000 08:05 790601                     /lib/x86_64-linux-gnu/libnsl-2.19.so
7f4769a59000-7f4769a5a000 r--p 00016000 08:05 790601                     /lib/x86_64-linux-gnu/libnsl-2.19.so
7f4769a5a000-7f4769a5b000 rw-p 00017000 08:05 790601                     /lib/x86_64-linux-gnu/libnsl-2.19.so
7f4769a5b000-7f4769a5d000 rw-p 00000000 00:00 0 
7f4769a5d000-7f4769a66000 r-xp 00000000 08:05 790603                     /lib/x86_64-linux-gnu/libnss_compat-2.19.so
7f4769a66000-7f4769c65000 ---p 00009000 08:05 790603                     /lib/x86_64-linux-gnu/libnss_compat-2.19.so
7f4769c65000-7f4769c66000 r--p 00008000 08:05 790603                     /lib/x86_64-linux-gnu/libnss_compat-2.19.so
7f4769c66000-7f4769c67000 rw-p 00009000 08:05 790603                     /lib/x86_64-linux-gnu/libnss_compat-2.19.so
7f4769c67000-7f4769c92000 r-xp 00000000 08:05 9332                       /usr/lib/jvm/java-7-openjdk-amd64/jre/lib/amd64/libjava.so
7f4769c92000-7f4769e91000 ---p 0002b000 08:05 9332                       /usr/lib/jvm/java-7-openjdk-amd64/jre/lib/amd64/libjava.so
7f4769e91000-7f4769e92000 r--p 0002a000 08:05 9332                       /usr/lib/jvm/java-7-openjdk-amd64/jre/lib/amd64/libjava.so
7f4769e92000-7f4769e94000 rw-p 0002b000 08:05 9332                       /usr/lib/jvm/java-7-openjdk-amd64/jre/lib/amd64/libjava.so
7f4769e94000-7f4769ea4000 r-xp 00000000 08:05 9365                       /usr/lib/jvm/java-7-openjdk-amd64/jre/lib/amd64/libverify.so
7f4769ea4000-7f476a0a3000 ---p 00010000 08:05 9365                       /usr/lib/jvm/java-7-openjdk-amd64/jre/lib/amd64/libverify.so
7f476a0a3000-7f476a0a5000 r--p 0000f000 08:05 9365                       /usr/lib/jvm/java-7-openjdk-amd64/jre/lib/amd64/libverify.so
7f476a0a5000-7f476a0a6000 rw-p 00011000 08:05 9365                       /usr/lib/jvm/java-7-openjdk-amd64/jre/lib/amd64/libverify.so
7f476a0a6000-7f476a0ad000 r-xp 00000000 08:05 790660                     /lib/x86_64-linux-gnu/librt-2.19.so
7f476a0ad000-7f476a2ac000 ---p 00007000 08:05 790660                     /lib/x86_64-linux-gnu/librt-2.19.so
7f476a2ac000-7f476a2ad000 r--p 00006000 08:05 790660                     /lib/x86_64-linux-gnu/librt-2.19.so
7f476a2ad000-7f476a2ae000 rw-p 00007000 08:05 790660                     /lib/x86_64-linux-gnu/librt-2.19.so
7f476a2ae000-7f476a2c4000 r-xp 00000000 08:05 790559                     /lib/x86_64-linux-gnu/libgcc_s.so.1
7f476a2c4000-7f476a4c3000 ---p 00016000 08:05 790559                     /lib/x86_64-linux-gnu/libgcc_s.so.1
7f476a4c3000-7f476a4c4000 rw-p 00015000 08:05 790559                     /lib/x86_64-linux-gnu/libgcc_s.so.1
7f476a4c4000-7f476a5c9000 r-xp 00000000 08:05 790582                     /lib/x86_64-linux-gnu/libm-2.19.so
7f476a5c9000-7f476a7c8000 ---p 00105000 08:05 790582                     /lib/x86_64-linux-gnu/libm-2.19.so
7f476a7c8000-7f476a7c9000 r--p 00104000 08:05 790582                     /lib/x86_64-linux-gnu/libm-2.19.so
7f476a7c9000-7f476a7ca000 rw-p 00105000 08:05 790582                     /lib/x86_64-linux-gnu/libm-2.19.so
7f476a7ca000-7f476a8b0000 r-xp 00000000 08:05 17394                      /usr/lib/x86_64-linux-gnu/libstdc++.so.6.0.19
7f476a8b0000-7f476aaaf000 ---p 000e6000 08:05 17394                      /usr/lib/x86_64-linux-gnu/libstdc++.so.6.0.19
7f476aaaf000-7f476aab7000 r--p 000e5000 08:05 17394                      /usr/lib/x86_64-linux-gnu/libstdc++.so.6.0.19
7f476aab7000-7f476aab9000 rw-p 000ed000 08:05 17394                      /usr/lib/x86_64-linux-gnu/libstdc++.so.6.0.19
7f476aab9000-7f476aace000 rw-p 00000000 00:00 0 
7f476aace000-7f476b5af000 r-xp 00000000 08:05 9347                       /usr/lib/jvm/java-7-openjdk-amd64/jre/lib/amd64/server/libjvm.so
7f476b5af000-7f476b7ae000 ---p 00ae1000 08:05 9347                       /usr/lib/jvm/java-7-openjdk-amd64/jre/lib/amd64/server/libjvm.so
7f476b7ae000-7f476b840000 r--p 00ae0000 08:05 9347                       /usr/lib/jvm/java-7-openjdk-amd64/jre/lib/amd64/server/libjvm.so
7f476b840000-7f476b863000 rw-p 00b72000 08:05 9347                       /usr/lib/jvm/java-7-openjdk-amd64/jre/lib/amd64/server/libjvm.so
7f476b863000-7f476b890000 rw-p 00000000 00:00 0 
7f476b890000-7f476b8a8000 r-xp 00000000 08:05 790695                     /lib/x86_64-linux-gnu/libz.so.1.2.8
7f476b8a8000-7f476baa7000 ---p 00018000 08:05 790695                     /lib/x86_64-linux-gnu/libz.so.1.2.8
7f476baa7000-7f476baa8000 r--p 00017000 08:05 790695                     /lib/x86_64-linux-gnu/libz.so.1.2.8
7f476baa8000-7f476baa9000 rw-p 00018000 08:05 790695                     /lib/x86_64-linux-gnu/libz.so.1.2.8
7f476baa9000-7f476bac2000 r-xp 00000000 08:05 790652                     /lib/x86_64-linux-gnu/libpthread-2.19.so
7f476bac2000-7f476bcc1000 ---p 00019000 08:05 790652                     /lib/x86_64-linux-gnu/libpthread-2.19.so
7f476bcc1000-7f476bcc2000 r--p 00018000 08:05 790652                     /lib/x86_64-linux-gnu/libpthread-2.19.so
7f476bcc2000-7f476bcc3000 rw-p 00019000 08:05 790652                     /lib/x86_64-linux-gnu/libpthread-2.19.so
7f476bcc3000-7f476bcc7000 rw-p 00000000 00:00 0 
7f476bcc7000-7f476bcca000 r-xp 00000000 08:05 790549                     /lib/x86_64-linux-gnu/libdl-2.19.so
7f476bcca000-7f476bec9000 ---p 00003000 08:05 790549                     /lib/x86_64-linux-gnu/libdl-2.19.so
7f476bec9000-7f476beca000 r--p 00002000 08:05 790549                     /lib/x86_64-linux-gnu/libdl-2.19.so
7f476beca000-7f476becb000 rw-p 00003000 08:05 790549                     /lib/x86_64-linux-gnu/libdl-2.19.so
7f476becb000-7f476c087000 r-xp 00000000 08:05 790532                     /lib/x86_64-linux-gnu/libc-2.19.so
7f476c087000-7f476c286000 ---p 001bc000 08:05 790532                     /lib/x86_64-linux-gnu/libc-2.19.so
7f476c286000-7f476c28a000 r--p 001bb000 08:05 790532                     /lib/x86_64-linux-gnu/libc-2.19.so
7f476c28a000-7f476c28c000 rw-p 001bf000 08:05 790532                     /lib/x86_64-linux-gnu/libc-2.19.so
7f476c28c000-7f476c291000 rw-p 00000000 00:00 0 
7f476c291000-7f476c29e000 r-xp 00000000 08:05 9358                       /usr/lib/jvm/java-7-openjdk-amd64/jre/lib/amd64/jli/libjli.so
7f476c29e000-7f476c49d000 ---p 0000d000 08:05 9358                       /usr/lib/jvm/java-7-openjdk-amd64/jre/lib/amd64/jli/libjli.so
7f476c49d000-7f476c49e000 r--p 0000c000 08:05 9358                       /usr/lib/jvm/java-7-openjdk-amd64/jre/lib/amd64/jli/libjli.so
7f476c49e000-7f476c49f000 rw-p 0000d000 08:05 9358                       /usr/lib/jvm/java-7-openjdk-amd64/jre/lib/amd64/jli/libjli.so
7f476c49f000-7f476c4c2000 r-xp 00000000 08:05 790508                     /lib/x86_64-linux-gnu/ld-2.19.so
7f476c4df000-7f476c4e9000 rw-p 00000000 00:00 0 
7f476c4e9000-7f476c59f000 rw-p 00000000 00:00 0 
7f476c59f000-7f476c5a2000 ---p 00000000 00:00 0 
7f476c5a2000-7f476c6a5000 rw-p 00000000 00:00 0                          [stack:24929]
7f476c6b3000-7f476c6b5000 rw-p 00000000 00:00 0 
7f476c6b5000-7f476c6bd000 rw-s 00000000 08:05 2359491                    /tmp/hsperfdata_deep/24924
7f476c6bd000-7f476c6be000 rw-p 00000000 00:00 0 
7f476c6be000-7f476c6bf000 r--p 00000000 00:00 0 
7f476c6bf000-7f476c6c1000 rw-p 00000000 00:00 0 
7f476c6c1000-7f476c6c2000 r--p 00022000 08:05 790508                     /lib/x86_64-linux-gnu/ld-2.19.so
7f476c6c2000-7f476c6c3000 rw-p 00023000 08:05 790508                     /lib/x86_64-linux-gnu/ld-2.19.so
7f476c6c3000-7f476c6c4000 rw-p 00000000 00:00 0 
7fff61ef6000-7fff61f17000 rw-p 00000000 00:00 0                          [stack]
7fff61fbb000-7fff61fbd000 r-xp 00000000 00:00 0                          [vdso]
ffffffffff600000-ffffffffff601000 r-xp 00000000 00:00 0                  [vsyscall]

VM Arguments:
jvm_args: -Dfile.encoding=UTF-8 
java_command: PhotoTaggerGUI
Launcher Type: SUN_STANDARD

Environment Variables:
PATH=/usr/local/sbin:/usr/local/bin:/usr/sbin:/usr/bin:/sbin:/bin:/usr/games:/usr/local/games
SHELL=/bin/bash
DISPLAY=:0

Signal Handlers:
SIGSEGV: [libjvm.so+0x918620], sa_mask[0]=0x7ffbfeff, sa_flags=0x10000004
SIGBUS: [libjvm.so+0x918620], sa_mask[0]=0x7ffbfeff, sa_flags=0x10000004
SIGFPE: [libjvm.so+0x795e30], sa_mask[0]=0x7ffbfeff, sa_flags=0x10000004
SIGPIPE: [libjvm.so+0x795e30], sa_mask[0]=0x7ffbfeff, sa_flags=0x10000004
SIGXFSZ: [libjvm.so+0x795e30], sa_mask[0]=0x7ffbfeff, sa_flags=0x10000004
SIGILL: [libjvm.so+0x795e30], sa_mask[0]=0x7ffbfeff, sa_flags=0x10000004
SIGUSR1: SIG_DFL, sa_mask[0]=0x00000000, sa_flags=0x00000000
SIGUSR2: [libjvm.so+0x795cd0], sa_mask[0]=0x00000004, sa_flags=0x10000004
SIGHUP: SIG_DFL, sa_mask[0]=0x00000000, sa_flags=0x00000000
SIGINT: SIG_DFL, sa_mask[0]=0x00000000, sa_flags=0x00000000
SIGTERM: SIG_DFL, sa_mask[0]=0x00000000, sa_flags=0x00000000
SIGQUIT: SIG_DFL, sa_mask[0]=0x00000000, sa_flags=0x00000000


---------------  S Y S T E M  ---------------

OS:Ubuntu 14.04 (trusty)
uname:Linux 3.13.0-29-generic #53-Ubuntu SMP Wed Jun 4 21:00:20 UTC 2014 x86_64
libc:glibc 2.19 NPTL 2.19 
rlimit: STACK 8192k, CORE 0k, NPROC 127851, NOFILE 4096, AS infinity
load average:0.48 0.66 0.61

/proc/meminfo:
MemTotal:       16386568 kB
MemFree:          155368 kB
Buffers:            1624 kB
Cached:           409652 kB
SwapCached:            0 kB
Active:         15292820 kB
Inactive:         341424 kB
Active(anon):   15225904 kB
Inactive(anon):   285900 kB
Active(file):      66916 kB
Inactive(file):    55524 kB
Unevictable:         168 kB
Mlocked:             168 kB
SwapTotal:             0 kB
SwapFree:              0 kB
Dirty:              2240 kB
Writeback:             0 kB
AnonPages:      15223224 kB
Mapped:           382412 kB
Shmem:            288808 kB
Slab:             178368 kB
SReclaimable:      48468 kB
SUnreclaim:       129900 kB
KernelStack:       51976 kB
PageTables:       203304 kB
NFS_Unstable:          0 kB
Bounce:                0 kB
WritebackTmp:          0 kB
CommitLimit:     8193284 kB
Committed_AS:   104528024 kB
VmallocTotal:   34359738367 kB
VmallocUsed:      116536 kB
VmallocChunk:   34359554088 kB
HardwareCorrupted:     0 kB
AnonHugePages:   9785344 kB
HugePages_Total:       0
HugePages_Free:        0
HugePages_Rsvd:        0
HugePages_Surp:        0
Hugepagesize:       2048 kB
DirectMap4k:       75576 kB
DirectMap2M:    16654336 kB


CPU:total 8 (4 cores per cpu, 2 threads per core) family 6 model 58 stepping 9, cmov, cx8, fxsr, mmx, sse, sse2, sse3, ssse3, sse4.1, sse4.2, popcnt, avx, aes, erms, ht, tsc, tscinvbit, tscinv

/proc/cpuinfo:
processor	: 0
vendor_id	: GenuineIntel
cpu family	: 6
model		: 58
model name	: Intel(R) Core(TM) i7-3770K CPU @ 3.50GHz
stepping	: 9
microcode	: 0x12
cpu MHz		: 3000.000
cache size	: 8192 KB
physical id	: 0
siblings	: 8
core id		: 0
cpu cores	: 4
apicid		: 0
initial apicid	: 0
fpu		: yes
fpu_exception	: yes
cpuid level	: 13
wp		: yes
flags		: fpu vme de pse tsc msr pae mce cx8 apic sep mtrr pge mca cmov pat pse36 clflush dts acpi mmx fxsr sse sse2 ss ht tm pbe syscall nx rdtscp lm constant_tsc arch_perfmon pebs bts rep_good nopl xtopology nonstop_tsc aperfmperf eagerfpu pni pclmulqdq dtes64 monitor ds_cpl vmx est tm2 ssse3 cx16 xtpr pdcm pcid sse4_1 sse4_2 popcnt tsc_deadline_timer aes xsave avx f16c rdrand lahf_lm ida arat epb xsaveopt pln pts dtherm tpr_shadow vnmi flexpriority ept vpid fsgsbase smep erms
bogomips	: 7211.16
clflush size	: 64
cache_alignment	: 64
address sizes	: 36 bits physical, 48 bits virtual
power management:

processor	: 1
vendor_id	: GenuineIntel
cpu family	: 6
model		: 58
model name	: Intel(R) Core(TM) i7-3770K CPU @ 3.50GHz
stepping	: 9
microcode	: 0x12
cpu MHz		: 1600.000
cache size	: 8192 KB
physical id	: 0
siblings	: 8
core id		: 1
cpu cores	: 4
apicid		: 2
initial apicid	: 2
fpu		: yes
fpu_exception	: yes
cpuid level	: 13
wp		: yes
flags		: fpu vme de pse tsc msr pae mce cx8 apic sep mtrr pge mca cmov pat pse36 clflush dts acpi mmx fxsr sse sse2 ss ht tm pbe syscall nx rdtscp lm constant_tsc arch_perfmon pebs bts rep_good nopl xtopology nonstop_tsc aperfmperf eagerfpu pni pclmulqdq dtes64 monitor ds_cpl vmx est tm2 ssse3 cx16 xtpr pdcm pcid sse4_1 sse4_2 popcnt tsc_deadline_timer aes xsave avx f16c rdrand lahf_lm ida arat epb xsaveopt pln pts dtherm tpr_shadow vnmi flexpriority ept vpid fsgsbase smep erms
bogomips	: 7211.16
clflush size	: 64
cache_alignment	: 64
address sizes	: 36 bits physical, 48 bits virtual
power management:

processor	: 2
vendor_id	: GenuineIntel
cpu family	: 6
model		: 58
model name	: Intel(R) Core(TM) i7-3770K CPU @ 3.50GHz
stepping	: 9
microcode	: 0x12
cpu MHz		: 1900.000
cache size	: 8192 KB
physical id	: 0
siblings	: 8
core id		: 2
cpu cores	: 4
apicid		: 4
initial apicid	: 4
fpu		: yes
fpu_exception	: yes
cpuid level	: 13
wp		: yes
flags		: fpu vme de pse tsc msr pae mce cx8 apic sep mtrr pge mca cmov pat pse36 clflush dts acpi mmx fxsr sse sse2 ss ht tm pbe syscall nx rdtscp lm constant_tsc arch_perfmon pebs bts rep_good nopl xtopology nonstop_tsc aperfmperf eagerfpu pni pclmulqdq dtes64 monitor ds_cpl vmx est tm2 ssse3 cx16 xtpr pdcm pcid sse4_1 sse4_2 popcnt tsc_deadline_timer aes xsave avx f16c rdrand lahf_lm ida arat epb xsaveopt pln pts dtherm tpr_shadow vnmi flexpriority ept vpid fsgsbase smep erms
bogomips	: 7211.16
clflush size	: 64
cache_alignment	: 64
address sizes	: 36 bits physical, 48 bits virtual
power management:

processor	: 3
vendor_id	: GenuineIntel
cpu family	: 6
model		: 58
model name	: Intel(R) Core(TM) i7-3770K CPU @ 3.50GHz
stepping	: 9
microcode	: 0x12
cpu MHz		: 2400.000
cache size	: 8192 KB
physical id	: 0
siblings	: 8
core id		: 3
cpu cores	: 4
apicid		: 6
initial apicid	: 6
fpu		: yes
fpu_exception	: yes
cpuid level	: 13
wp		: yes
flags		: fpu vme de pse tsc msr pae mce cx8 apic sep mtrr pge mca cmov pat pse36 clflush dts acpi mmx fxsr sse sse2 ss ht tm pbe syscall nx rdtscp lm constant_tsc arch_perfmon pebs bts rep_good nopl xtopology nonstop_tsc aperfmperf eagerfpu pni pclmulqdq dtes64 monitor ds_cpl vmx est tm2 ssse3 cx16 xtpr pdcm pcid sse4_1 sse4_2 popcnt tsc_deadline_timer aes xsave avx f16c rdrand lahf_lm ida arat epb xsaveopt pln pts dtherm tpr_shadow vnmi flexpriority ept vpid fsgsbase smep erms
bogomips	: 7211.16
clflush size	: 64
cache_alignment	: 64
address sizes	: 36 bits physical, 48 bits virtual
power management:

processor	: 4
vendor_id	: GenuineIntel
cpu family	: 6
model		: 58
model name	: Intel(R) Core(TM) i7-3770K CPU @ 3.50GHz
stepping	: 9
microcode	: 0x12
cpu MHz		: 1600.000
cache size	: 8192 KB
physical id	: 0
siblings	: 8
core id		: 0
cpu cores	: 4
apicid		: 1
initial apicid	: 1
fpu		: yes
fpu_exception	: yes
cpuid level	: 13
wp		: yes
flags		: fpu vme de pse tsc msr pae mce cx8 apic sep mtrr pge mca cmov pat pse36 clflush dts acpi mmx fxsr sse sse2 ss ht tm pbe syscall nx rdtscp lm constant_tsc arch_perfmon pebs bts rep_good nopl xtopology nonstop_tsc aperfmperf eagerfpu pni pclmulqdq dtes64 monitor ds_cpl vmx est tm2 ssse3 cx16 xtpr pdcm pcid sse4_1 sse4_2 popcnt tsc_deadline_timer aes xsave avx f16c rdrand lahf_lm ida arat epb xsaveopt pln pts dtherm tpr_shadow vnmi flexpriority ept vpid fsgsbase smep erms
bogomips	: 7211.16
clflush size	: 64
cache_alignment	: 64
address sizes	: 36 bits physical, 48 bits virtual
power management:

processor	: 5
vendor_id	: GenuineIntel
cpu family	: 6
model		: 58
model name	: Intel(R) Core(TM) i7-3770K CPU @ 3.50GHz
stepping	: 9
microcode	: 0x12
cpu MHz		: 2400.000
cache size	: 8192 KB
physical id	: 0
siblings	: 8
core id		: 1
cpu cores	: 4
apicid		: 3
initial apicid	: 3
fpu		: yes
fpu_exception	: yes
cpuid level	: 13
wp		: yes
flags		: fpu vme de pse tsc msr pae mce cx8 apic sep mtrr pge mca cmov pat pse36 clflush dts acpi mmx fxsr sse sse2 ss ht tm pbe syscall nx rdtscp lm constant_tsc arch_perfmon pebs bts rep_good nopl xtopology nonstop_tsc aperfmperf eagerfpu pni pclmulqdq dtes64 monitor ds_cpl vmx est tm2 ssse3 cx16 xtpr pdcm pcid sse4_1 sse4_2 popcnt tsc_deadline_timer aes xsave avx f16c rdrand lahf_lm ida arat epb xsaveopt pln pts dtherm tpr_shadow vnmi flexpriority ept vpid fsgsbase smep erms
bogomips	: 7211.16
clflush size	: 64
cache_alignment	: 64
address sizes	: 36 bits physical, 48 bits virtual
power management:

processor	: 6
vendor_id	: GenuineIntel
cpu family	: 6
model		: 58
model name	: Intel(R) Core(TM) i7-3770K CPU @ 3.50GHz
stepping	: 9
microcode	: 0x12
cpu MHz		: 2400.000
cache size	: 8192 KB
physical id	: 0
siblings	: 8
core id		: 2
cpu cores	: 4
apicid		: 5
initial apicid	: 5
fpu		: yes
fpu_exception	: yes
cpuid level	: 13
wp		: yes
flags		: fpu vme de pse tsc msr pae mce cx8 apic sep mtrr pge mca cmov pat pse36 clflush dts acpi mmx fxsr sse sse2 ss ht tm pbe syscall nx rdtscp lm constant_tsc arch_perfmon pebs bts rep_good nopl xtopology nonstop_tsc aperfmperf eagerfpu pni pclmulqdq dtes64 monitor ds_cpl vmx est tm2 ssse3 cx16 xtpr pdcm pcid sse4_1 sse4_2 popcnt tsc_deadline_timer aes xsave avx f16c rdrand lahf_lm ida arat epb xsaveopt pln pts dtherm tpr_shadow vnmi flexpriority ept vpid fsgsbase smep erms
bogomips	: 7211.16
clflush size	: 64
cache_alignment	: 64
address sizes	: 36 bits physical, 48 bits virtual
power management:

processor	: 7
vendor_id	: GenuineIntel
cpu family	: 6
model		: 58
model name	: Intel(R) Core(TM) i7-3770K CPU @ 3.50GHz
stepping	: 9
microcode	: 0x12
cpu MHz		: 1600.000
cache size	: 8192 KB
physical id	: 0
siblings	: 8
core id		: 3
cpu cores	: 4
apicid		: 7
initial apicid	: 7
fpu		: yes
fpu_exception	: yes
cpuid level	: 13
wp		: yes
flags		: fpu vme de pse tsc msr pae mce cx8 apic sep mtrr pge mca cmov pat pse36 clflush dts acpi mmx fxsr sse sse2 ss ht tm pbe syscall nx rdtscp lm constant_tsc arch_perfmon pebs bts rep_good nopl xtopology nonstop_tsc aperfmperf eagerfpu pni pclmulqdq dtes64 monitor ds_cpl vmx est tm2 ssse3 cx16 xtpr pdcm pcid sse4_1 sse4_2 popcnt tsc_deadline_timer aes xsave avx f16c rdrand lahf_lm ida arat epb xsaveopt pln pts dtherm tpr_shadow vnmi flexpriority ept vpid fsgsbase smep erms
bogomips	: 7211.16
clflush size	: 64
cache_alignment	: 64
address sizes	: 36 bits physical, 48 bits virtual
power management:



Memory: 4k page, physical 16386568k(155368k free), swap 0k(0k free)

vm_info: OpenJDK 64-Bit Server VM (24.51-b03) for linux-amd64 JRE (1.7.0_55-b14), built on Apr 17 2014 20:08:07 by "buildd" with gcc 4.8.2

time: Tue Jun 24 18:23:08 2014
elapsed time: 0 seconds

